2021-04-16 20:34:50 [main] ERROR org.zhyuliuk.xmltask.handler.FlowerErrorHandler- 67 : 50 - cvc-type.3.1.3: The value '2021-03-08' of element 'transfer-time' is not valid.
2021-04-16 20:34:50 [main] ERROR org.zhyuliuk.xmltask.handler.FlowerErrorHandler- 71 : 32 - cvc-enumeration-valid: Value 'sod-podzol' is not facet-valid with respect to enumeration '[podzol, unpaved, sodpodzol]'. It must be a value from the enumeration.
2021-04-16 20:34:50 [main] ERROR org.zhyuliuk.xmltask.handler.FlowerErrorHandler- 71 : 32 - cvc-type.3.1.3: The value 'sod-podzol' of element 'soil' is not valid.
2021-04-16 20:34:50 [main] ERROR org.zhyuliuk.xmltask.handler.FlowerErrorHandler- 83 : 50 - cvc-datatype-valid.1.2.1: '2021-03-01' is not a valid value for 'dateTime'.
2021-04-16 20:34:50 [main] ERROR org.zhyuliuk.xmltask.handler.FlowerErrorHandler- 83 : 50 - cvc-type.3.1.3: The value '2021-03-01' of element 'transfer-time' is not valid.
2021-04-16 20:34:50 [main] ERROR org.zhyuliuk.xmltask.handler.FlowerErrorHandler- 99 : 50 - cvc-datatype-valid.1.2.1: '2021-01-10' is not a valid value for 'dateTime'.
2021-04-16 20:34:50 [main] ERROR org.zhyuliuk.xmltask.handler.FlowerErrorHandler- 99 : 50 - cvc-type.3.1.3: The value '2021-01-10' of element 'transfer-time' is not valid.
2021-04-16 20:34:50 [main] ERROR org.zhyuliuk.xmltask.handler.FlowerErrorHandler- 115 : 50 - cvc-datatype-valid.1.2.1: '2021-07-10' is not a valid value for 'dateTime'.
2021-04-16 20:34:50 [main] ERROR org.zhyuliuk.xmltask.handler.FlowerErrorHandler- 115 : 50 - cvc-type.3.1.3: The value '2021-07-10' of element 'transfer-time' is not valid.
2021-04-16 20:34:50 [main] ERROR org.zhyuliuk.xmltask.handler.FlowerErrorHandler- 131 : 50 - cvc-datatype-valid.1.2.1: '2021-09-10' is not a valid value for 'dateTime'.
2021-04-16 20:34:50 [main] ERROR org.zhyuliuk.xmltask.handler.FlowerErrorHandler- 131 : 50 - cvc-type.3.1.3: The value '2021-09-10' of element 'transfer-time' is not valid.
2021-04-16 20:34:50 [main] ERROR org.zhyuliuk.xmltask.handler.FlowerErrorHandler- 134 : 30 - cvc-pattern-valid: Value 'may-lily' is not facet-valid with respect to pattern '([A-Z]|[a-z])+' for type 'name-flower'.
2021-04-16 20:34:50 [main] ERROR org.zhyuliuk.xmltask.handler.FlowerErrorHandler- 134 : 30 - cvc-type.3.1.3: The value 'may-lily' of element 'name' is not valid.
2021-04-16 20:34:50 [main] ERROR org.zhyuliuk.xmltask.handler.FlowerErrorHandler- 147 : 50 - cvc-datatype-valid.1.2.1: '2020-12-10' is not a valid value for 'dateTime'.
2021-04-16 20:34:50 [main] ERROR org.zhyuliuk.xmltask.handler.FlowerErrorHandler- 147 : 50 - cvc-type.3.1.3: The value '2020-12-10' of element 'transfer-time' is not valid.
2021-04-16 20:34:50 [main] ERROR org.zhyuliuk.xmltask.handler.FlowerErrorHandler- 163 : 50 - cvc-datatype-valid.1.2.1: '2019-01-10' is not a valid value for 'dateTime'.
2021-04-16 20:34:50 [main] ERROR org.zhyuliuk.xmltask.handler.FlowerErrorHandler- 163 : 50 - cvc-type.3.1.3: The value '2019-01-10' of element 'transfer-time' is not valid.
2021-04-16 20:34:50 [main] ERROR org.zhyuliuk.xmltask.handler.FlowerErrorHandler- 179 : 50 - cvc-datatype-valid.1.2.1: '2021-01-11' is not a valid value for 'dateTime'.
2021-04-16 20:34:50 [main] ERROR org.zhyuliuk.xmltask.handler.FlowerErrorHandler- 179 : 50 - cvc-type.3.1.3: The value '2021-01-11' of element 'transfer-time' is not valid.
2021-04-16 20:34:50 [main] ERROR org.zhyuliuk.xmltask.handler.FlowerErrorHandler- 195 : 50 - cvc-datatype-valid.1.2.1: '2021-01-10' is not a valid value for 'dateTime'.
2021-04-16 20:34:50 [main] ERROR org.zhyuliuk.xmltask.handler.FlowerErrorHandler- 195 : 50 - cvc-type.3.1.3: The value '2021-01-10' of element 'transfer-time' is not valid.
2021-04-16 20:34:50 [main] ERROR org.zhyuliuk.xmltask.handler.FlowerErrorHandler- 211 : 50 - cvc-datatype-valid.1.2.1: '2021-01-10' is not a valid value for 'dateTime'.
2021-04-16 20:34:50 [main] ERROR org.zhyuliuk.xmltask.handler.FlowerErrorHandler- 211 : 50 - cvc-type.3.1.3: The value '2021-01-10' of element 'transfer-time' is not valid.
2021-04-16 20:34:50 [main] ERROR org.zhyuliuk.xmltask.handler.FlowerErrorHandler- 227 : 50 - cvc-datatype-valid.1.2.1: '2020-12-10' is not a valid value for 'dateTime'.
2021-04-16 20:34:50 [main] ERROR org.zhyuliuk.xmltask.handler.FlowerErrorHandler- 227 : 50 - cvc-type.3.1.3: The value '2020-12-10' of element 'transfer-time' is not valid.
2021-04-16 20:34:50 [main] ERROR org.zhyuliuk.xmltask.handler.FlowerErrorHandler- 243 : 50 - cvc-datatype-valid.1.2.1: '2020-01-10' is not a valid value for 'dateTime'.
2021-04-16 20:34:50 [main] ERROR org.zhyuliuk.xmltask.handler.FlowerErrorHandler- 243 : 50 - cvc-type.3.1.3: The value '2020-01-10' of element 'transfer-time' is not valid.
2021-04-16 20:34:50 [main] ERROR org.zhyuliuk.xmltask.handler.FlowerErrorHandler- 259 : 50 - cvc-datatype-valid.1.2.1: '2021-01-02' is not a valid value for 'dateTime'.
2021-04-16 20:34:50 [main] ERROR org.zhyuliuk.xmltask.handler.FlowerErrorHandler- 259 : 50 - cvc-type.3.1.3: The value '2021-01-02' of element 'transfer-time' is not valid.
2021-04-16 21:00:05 [main] ERROR org.zhyuliuk.xmltask.handler.FlowerErrorHandler- 5 : 43 - cvc-complex-type.2.4.a: Invalid content was found starting with element '{"http://www.example.org/flowers":time-flower}'. One of '{"http://www.example.org/flowers":flower}' is expected.
