2021-04-16 20:29:56 [main] ERROR org.zhyuliuk.xmltask.handler.FlowerErrorHandler- 195 : 50 - cvc-type.3.1.3: The value '2021-01-10' of element 'transfer-time' is not valid.
2021-04-16 20:29:56 [main] ERROR org.zhyuliuk.xmltask.handler.FlowerErrorHandler- 198 : 27 - cvc-pattern-valid: Value 'pansy' is not facet-valid with respect to pattern '[A-Z][a-z]+' for type 'name-flower'.
2021-04-16 20:29:56 [main] ERROR org.zhyuliuk.xmltask.handler.FlowerErrorHandler- 198 : 27 - cvc-type.3.1.3: The value 'pansy' of element 'name' is not valid.
2021-04-16 20:29:56 [main] ERROR org.zhyuliuk.xmltask.handler.FlowerErrorHandler- 211 : 50 - cvc-datatype-valid.1.2.1: '2021-01-10' is not a valid value for 'dateTime'.
2021-04-16 20:29:56 [main] ERROR org.zhyuliuk.xmltask.handler.FlowerErrorHandler- 211 : 50 - cvc-type.3.1.3: The value '2021-01-10' of element 'transfer-time' is not valid.
2021-04-16 20:29:56 [main] ERROR org.zhyuliuk.xmltask.handler.FlowerErrorHandler- 214 : 28 - cvc-pattern-valid: Value 'orchid' is not facet-valid with respect to pattern '[A-Z][a-z]+' for type 'name-flower'.
2021-04-16 20:29:56 [main] ERROR org.zhyuliuk.xmltask.handler.FlowerErrorHandler- 214 : 28 - cvc-type.3.1.3: The value 'orchid' of element 'name' is not valid.
2021-04-16 20:29:56 [main] ERROR org.zhyuliuk.xmltask.handler.FlowerErrorHandler- 227 : 50 - cvc-datatype-valid.1.2.1: '2020-12-10' is not a valid value for 'dateTime'.
2021-04-16 20:29:56 [main] ERROR org.zhyuliuk.xmltask.handler.FlowerErrorHandler- 227 : 50 - cvc-type.3.1.3: The value '2020-12-10' of element 'transfer-time' is not valid.
2021-04-16 20:29:56 [main] ERROR org.zhyuliuk.xmltask.handler.FlowerErrorHandler- 230 : 31 - cvc-pattern-valid: Value 'gladiolus' is not facet-valid with respect to pattern '[A-Z][a-z]+' for type 'name-flower'.
2021-04-16 20:29:56 [main] ERROR org.zhyuliuk.xmltask.handler.FlowerErrorHandler- 230 : 31 - cvc-type.3.1.3: The value 'gladiolus' of element 'name' is not valid.
2021-04-16 20:29:56 [main] ERROR org.zhyuliuk.xmltask.handler.FlowerErrorHandler- 243 : 50 - cvc-datatype-valid.1.2.1: '2020-01-10' is not a valid value for 'dateTime'.
2021-04-16 20:29:56 [main] ERROR org.zhyuliuk.xmltask.handler.FlowerErrorHandler- 243 : 50 - cvc-type.3.1.3: The value '2020-01-10' of element 'transfer-time' is not valid.
2021-04-16 20:29:56 [main] ERROR org.zhyuliuk.xmltask.handler.FlowerErrorHandler- 246 : 30 - cvc-pattern-valid: Value 'lavender' is not facet-valid with respect to pattern '[A-Z][a-z]+' for type 'name-flower'.
2021-04-16 20:29:56 [main] ERROR org.zhyuliuk.xmltask.handler.FlowerErrorHandler- 246 : 30 - cvc-type.3.1.3: The value 'lavender' of element 'name' is not valid.
2021-04-16 20:29:56 [main] ERROR org.zhyuliuk.xmltask.handler.FlowerErrorHandler- 259 : 50 - cvc-datatype-valid.1.2.1: '2021-01-02' is not a valid value for 'dateTime'.
2021-04-16 20:29:56 [main] ERROR org.zhyuliuk.xmltask.handler.FlowerErrorHandler- 259 : 50 - cvc-type.3.1.3: The value '2021-01-02' of element 'transfer-time' is not valid.
2021-04-16 20:34:50 [main] ERROR org.zhyuliuk.xmltask.handler.FlowerErrorHandler- 5 : 43 - cvc-complex-type.2.4.a: Invalid content was found starting with element '{"http://www.example.org/flowers":time-flower}'. One of '{"http://www.example.org/flowers":flower}' is expected.
2021-04-16 20:34:50 [main] ERROR org.zhyuliuk.xmltask.handler.FlowerErrorHandler- 19 : 50 - cvc-datatype-valid.1.2.1: '2021-04-10' is not a valid value for 'dateTime'.
2021-04-16 20:34:50 [main] ERROR org.zhyuliuk.xmltask.handler.FlowerErrorHandler- 19 : 50 - cvc-type.3.1.3: The value '2021-04-10' of element 'transfer-time' is not valid.
2021-04-16 20:34:50 [main] ERROR org.zhyuliuk.xmltask.handler.FlowerErrorHandler- 35 : 50 - cvc-datatype-valid.1.2.1: '2021-03-10' is not a valid value for 'dateTime'.
2021-04-16 20:34:50 [main] ERROR org.zhyuliuk.xmltask.handler.FlowerErrorHandler- 35 : 50 - cvc-type.3.1.3: The value '2021-03-10' of element 'transfer-time' is not valid.
2021-04-16 20:34:50 [main] ERROR org.zhyuliuk.xmltask.handler.FlowerErrorHandler- 51 : 50 - cvc-datatype-valid.1.2.1: '2019-03-10' is not a valid value for 'dateTime'.
2021-04-16 20:34:50 [main] ERROR org.zhyuliuk.xmltask.handler.FlowerErrorHandler- 51 : 50 - cvc-type.3.1.3: The value '2019-03-10' of element 'transfer-time' is not valid.
2021-04-16 20:34:50 [main] ERROR org.zhyuliuk.xmltask.handler.FlowerErrorHandler- 55 : 32 - cvc-enumeration-valid: Value 'sod-podzol' is not facet-valid with respect to enumeration '[podzol, unpaved, sodpodzol]'. It must be a value from the enumeration.
2021-04-16 20:34:50 [main] ERROR org.zhyuliuk.xmltask.handler.FlowerErrorHandler- 55 : 32 - cvc-type.3.1.3: The value 'sod-podzol' of element 'soil' is not valid.
2021-04-16 20:34:50 [main] ERROR org.zhyuliuk.xmltask.handler.FlowerErrorHandler- 59 : 47 - cvc-datatype-valid.1.2.1: '60-80' is not a valid value for 'integer'.
2021-04-16 20:34:50 [main] ERROR org.zhyuliuk.xmltask.handler.FlowerErrorHandler- 59 : 47 - cvc-type.3.1.3: The value '60-80' of element 'average-size' is not valid.
2021-04-16 20:34:50 [main] ERROR org.zhyuliuk.xmltask.handler.FlowerErrorHandler- 67 : 50 - cvc-datatype-valid.1.2.1: '2021-03-08' is not a valid value for 'dateTime'.
