2021-04-16 20:29:56 [main] ERROR org.zhyuliuk.xmltask.handler.FlowerErrorHandler- 83 : 50 - cvc-datatype-valid.1.2.1: '2021-03-01' is not a valid value for 'dateTime'.
2021-04-16 20:29:56 [main] ERROR org.zhyuliuk.xmltask.handler.FlowerErrorHandler- 83 : 50 - cvc-type.3.1.3: The value '2021-03-01' of element 'transfer-time' is not valid.
2021-04-16 20:29:56 [main] ERROR org.zhyuliuk.xmltask.handler.FlowerErrorHandler- 86 : 31 - cvc-pattern-valid: Value 'carnation' is not facet-valid with respect to pattern '[A-Z][a-z]+' for type 'name-flower'.
2021-04-16 20:29:56 [main] ERROR org.zhyuliuk.xmltask.handler.FlowerErrorHandler- 86 : 31 - cvc-type.3.1.3: The value 'carnation' of element 'name' is not valid.
2021-04-16 20:29:56 [main] ERROR org.zhyuliuk.xmltask.handler.FlowerErrorHandler- 99 : 50 - cvc-datatype-valid.1.2.1: '2021-01-10' is not a valid value for 'dateTime'.
2021-04-16 20:29:56 [main] ERROR org.zhyuliuk.xmltask.handler.FlowerErrorHandler- 99 : 50 - cvc-type.3.1.3: The value '2021-01-10' of element 'transfer-time' is not valid.
2021-04-16 20:29:56 [main] ERROR org.zhyuliuk.xmltask.handler.FlowerErrorHandler- 102 : 35 - cvc-pattern-valid: Value 'spathiphyllum' is not facet-valid with respect to pattern '[A-Z][a-z]+' for type 'name-flower'.
2021-04-16 20:29:56 [main] ERROR org.zhyuliuk.xmltask.handler.FlowerErrorHandler- 102 : 35 - cvc-type.3.1.3: The value 'spathiphyllum' of element 'name' is not valid.
2021-04-16 20:29:56 [main] ERROR org.zhyuliuk.xmltask.handler.FlowerErrorHandler- 115 : 50 - cvc-datatype-valid.1.2.1: '2021-07-10' is not a valid value for 'dateTime'.
2021-04-16 20:29:56 [main] ERROR org.zhyuliuk.xmltask.handler.FlowerErrorHandler- 115 : 50 - cvc-type.3.1.3: The value '2021-07-10' of element 'transfer-time' is not valid.
2021-04-16 20:29:56 [main] ERROR org.zhyuliuk.xmltask.handler.FlowerErrorHandler- 118 : 27 - cvc-pattern-valid: Value 'aster' is not facet-valid with respect to pattern '[A-Z][a-z]+' for type 'name-flower'.
2021-04-16 20:29:56 [main] ERROR org.zhyuliuk.xmltask.handler.FlowerErrorHandler- 118 : 27 - cvc-type.3.1.3: The value 'aster' of element 'name' is not valid.
2021-04-16 20:29:56 [main] ERROR org.zhyuliuk.xmltask.handler.FlowerErrorHandler- 131 : 50 - cvc-datatype-valid.1.2.1: '2021-09-10' is not a valid value for 'dateTime'.
2021-04-16 20:29:56 [main] ERROR org.zhyuliuk.xmltask.handler.FlowerErrorHandler- 131 : 50 - cvc-type.3.1.3: The value '2021-09-10' of element 'transfer-time' is not valid.
2021-04-16 20:29:56 [main] ERROR org.zhyuliuk.xmltask.handler.FlowerErrorHandler- 134 : 30 - cvc-pattern-valid: Value 'may-lily' is not facet-valid with respect to pattern '[A-Z][a-z]+' for type 'name-flower'.
2021-04-16 20:29:56 [main] ERROR org.zhyuliuk.xmltask.handler.FlowerErrorHandler- 134 : 30 - cvc-type.3.1.3: The value 'may-lily' of element 'name' is not valid.
2021-04-16 20:29:56 [main] ERROR org.zhyuliuk.xmltask.handler.FlowerErrorHandler- 147 : 50 - cvc-datatype-valid.1.2.1: '2020-12-10' is not a valid value for 'dateTime'.
2021-04-16 20:29:56 [main] ERROR org.zhyuliuk.xmltask.handler.FlowerErrorHandler- 147 : 50 - cvc-type.3.1.3: The value '2020-12-10' of element 'transfer-time' is not valid.
2021-04-16 20:29:56 [main] ERROR org.zhyuliuk.xmltask.handler.FlowerErrorHandler- 150 : 30 - cvc-pattern-valid: Value 'snowdrop' is not facet-valid with respect to pattern '[A-Z][a-z]+' for type 'name-flower'.
2021-04-16 20:29:56 [main] ERROR org.zhyuliuk.xmltask.handler.FlowerErrorHandler- 150 : 30 - cvc-type.3.1.3: The value 'snowdrop' of element 'name' is not valid.
2021-04-16 20:29:56 [main] ERROR org.zhyuliuk.xmltask.handler.FlowerErrorHandler- 163 : 50 - cvc-datatype-valid.1.2.1: '2019-01-10' is not a valid value for 'dateTime'.
2021-04-16 20:29:56 [main] ERROR org.zhyuliuk.xmltask.handler.FlowerErrorHandler- 163 : 50 - cvc-type.3.1.3: The value '2019-01-10' of element 'transfer-time' is not valid.
2021-04-16 20:29:56 [main] ERROR org.zhyuliuk.xmltask.handler.FlowerErrorHandler- 166 : 31 - cvc-pattern-valid: Value 'chamomile' is not facet-valid with respect to pattern '[A-Z][a-z]+' for type 'name-flower'.
2021-04-16 20:29:56 [main] ERROR org.zhyuliuk.xmltask.handler.FlowerErrorHandler- 166 : 31 - cvc-type.3.1.3: The value 'chamomile' of element 'name' is not valid.
2021-04-16 20:29:56 [main] ERROR org.zhyuliuk.xmltask.handler.FlowerErrorHandler- 179 : 50 - cvc-datatype-valid.1.2.1: '2021-01-11' is not a valid value for 'dateTime'.
2021-04-16 20:29:56 [main] ERROR org.zhyuliuk.xmltask.handler.FlowerErrorHandler- 179 : 50 - cvc-type.3.1.3: The value '2021-01-11' of element 'transfer-time' is not valid.
2021-04-16 20:29:56 [main] ERROR org.zhyuliuk.xmltask.handler.FlowerErrorHandler- 182 : 27 - cvc-pattern-valid: Value 'lotus' is not facet-valid with respect to pattern '[A-Z][a-z]+' for type 'name-flower'.
2021-04-16 20:29:56 [main] ERROR org.zhyuliuk.xmltask.handler.FlowerErrorHandler- 182 : 27 - cvc-type.3.1.3: The value 'lotus' of element 'name' is not valid.
2021-04-16 20:29:56 [main] ERROR org.zhyuliuk.xmltask.handler.FlowerErrorHandler- 195 : 50 - cvc-datatype-valid.1.2.1: '2021-01-10' is not a valid value for 'dateTime'.
